c:\users\u124186\downloads\opcionala4\visualstudio2015\rtis_v2\x64\release\vc140.pdb
c:\users\u124186\downloads\opcionala4\visualstudio2015\rtis_v2\x64\release\directshader.obj
c:\users\u124186\downloads\opcionala4\visualstudio2015\rtis_v2\x64\release\depthshader.obj
c:\users\u124186\downloads\opcionala4\visualstudio2015\rtis_v2\x64\release\transmissive.obj
c:\users\u124186\downloads\opcionala4\visualstudio2015\rtis_v2\x64\release\phong.obj
c:\users\u124186\downloads\opcionala4\visualstudio2015\rtis_v2\x64\release\mirror.obj
c:\users\u124186\downloads\opcionala4\visualstudio2015\rtis_v2\x64\release\material.obj
c:\users\u124186\downloads\opcionala4\visualstudio2015\rtis_v2\x64\release\main.obj
c:\users\u124186\downloads\opcionala4\visualstudio2015\rtis_v2\x64\release\pointlightsource.obj
c:\users\u124186\downloads\opcionala4\visualstudio2015\rtis_v2\x64\release\vector3d.obj
c:\users\u124186\downloads\opcionala4\visualstudio2015\rtis_v2\x64\release\utils.obj
c:\users\u124186\downloads\opcionala4\visualstudio2015\rtis_v2\x64\release\tester.obj
c:\users\u124186\downloads\opcionala4\visualstudio2015\rtis_v2\x64\release\ray.obj
c:\users\u124186\downloads\opcionala4\visualstudio2015\rtis_v2\x64\release\matrix4x4.obj
c:\users\u124186\downloads\opcionala4\visualstudio2015\rtis_v2\x64\release\intersection.obj
c:\users\u124186\downloads\opcionala4\visualstudio2015\rtis_v2\x64\release\film.obj
c:\users\u124186\downloads\opcionala4\visualstudio2015\rtis_v2\x64\release\eqsolver.obj
c:\users\u124186\downloads\opcionala4\visualstudio2015\rtis_v2\x64\release\bitmap.obj
c:\users\u124186\downloads\opcionala4\visualstudio2015\rtis_v2\x64\release\perspective.obj
c:\users\u124186\downloads\opcionala4\visualstudio2015\rtis_v2\x64\release\ortographic.obj
c:\users\u124186\downloads\opcionala4\visualstudio2015\rtis_v2\x64\release\camera.obj
c:\users\u124186\downloads\opcionala4\visualstudio2015\rtis_v2\x64\release\sphere.obj
c:\users\u124186\downloads\opcionala4\visualstudio2015\rtis_v2\x64\release\shape.obj
c:\users\u124186\downloads\opcionala4\visualstudio2015\rtis_v2\x64\release\infiniteplane.obj
c:\users\u124186\downloads\opcionala4\visualstudio2015\rtis_v2\x64\release\shader.obj
c:\users\u124186\downloads\opcionala4\visualstudio2015\rtis_v2\x64\release\normalshader.obj
c:\users\u124186\downloads\opcionala4\visualstudio2015\rtis_v2\x64\release\intersectionshader.obj
c:\users\u124186\downloads\opcionala4\visualstudio2015\rtis_v2\x64\release\rtis_v2.exe
c:\users\u124186\downloads\opcionala4\visualstudio2015\rtis_v2\x64\release\rtis_v2.ipdb
c:\users\u124186\downloads\opcionala4\visualstudio2015\rtis_v2\x64\release\rtis_v2.iobj
c:\users\u124186\downloads\opcionala4\visualstudio2015\rtis_v2\x64\release\rtis_v2.pdb
c:\users\u124186\downloads\opcionala4\visualstudio2015\rtis_v2\x64\release\rtis_v2.tlog\cl.command.1.tlog
c:\users\u124186\downloads\opcionala4\visualstudio2015\rtis_v2\x64\release\rtis_v2.tlog\cl.read.1.tlog
c:\users\u124186\downloads\opcionala4\visualstudio2015\rtis_v2\x64\release\rtis_v2.tlog\cl.write.1.tlog
c:\users\u124186\downloads\opcionala4\visualstudio2015\rtis_v2\x64\release\rtis_v2.tlog\link.command.1.tlog
c:\users\u124186\downloads\opcionala4\visualstudio2015\rtis_v2\x64\release\rtis_v2.tlog\link.read.1.tlog
c:\users\u124186\downloads\opcionala4\visualstudio2015\rtis_v2\x64\release\rtis_v2.tlog\link.write.1.tlog
