c:\users\u124186\downloads\acabar escena\visualstudio2015\rtis_v2\x64\debug\vc140.pdb
c:\users\u124186\downloads\acabar escena\visualstudio2015\rtis_v2\x64\debug\vc140.idb
c:\users\u124186\downloads\acabar escena\visualstudio2015\rtis_v2\x64\debug\vector3d.obj
c:\users\u124186\downloads\acabar escena\visualstudio2015\rtis_v2\x64\debug\pointlightsource.obj
c:\users\u124186\downloads\acabar escena\visualstudio2015\rtis_v2\x64\debug\main.obj
c:\users\u124186\downloads\acabar escena\visualstudio2015\rtis_v2\x64\debug\material.obj
c:\users\u124186\downloads\acabar escena\visualstudio2015\rtis_v2\x64\debug\mirror.obj
c:\users\u124186\downloads\acabar escena\visualstudio2015\rtis_v2\x64\debug\phong.obj
c:\users\u124186\downloads\acabar escena\visualstudio2015\rtis_v2\x64\debug\transmissive.obj
c:\users\u124186\downloads\acabar escena\visualstudio2015\rtis_v2\x64\debug\depthshader.obj
c:\users\u124186\downloads\acabar escena\visualstudio2015\rtis_v2\x64\debug\directshader.obj
c:\users\u124186\downloads\acabar escena\visualstudio2015\rtis_v2\x64\debug\globalshader.obj
c:\users\u124186\downloads\acabar escena\visualstudio2015\rtis_v2\x64\debug\intersectionshader.obj
c:\users\u124186\downloads\acabar escena\visualstudio2015\rtis_v2\x64\debug\normalshader.obj
c:\users\u124186\downloads\acabar escena\visualstudio2015\rtis_v2\x64\debug\shader.obj
c:\users\u124186\downloads\acabar escena\visualstudio2015\rtis_v2\x64\debug\cone.obj
c:\users\u124186\downloads\acabar escena\visualstudio2015\rtis_v2\x64\debug\cube.obj
c:\users\u124186\downloads\acabar escena\visualstudio2015\rtis_v2\x64\debug\cylinder.obj
c:\users\u124186\downloads\acabar escena\visualstudio2015\rtis_v2\x64\debug\elipsoide.obj
c:\users\u124186\downloads\acabar escena\visualstudio2015\rtis_v2\x64\debug\infiniteplane.obj
c:\users\u124186\downloads\acabar escena\visualstudio2015\rtis_v2\x64\debug\shape.obj
c:\users\u124186\downloads\acabar escena\visualstudio2015\rtis_v2\x64\debug\sphere.obj
c:\users\u124186\downloads\acabar escena\visualstudio2015\rtis_v2\x64\debug\camera.obj
c:\users\u124186\downloads\acabar escena\visualstudio2015\rtis_v2\x64\debug\ortographic.obj
c:\users\u124186\downloads\acabar escena\visualstudio2015\rtis_v2\x64\debug\perspective.obj
c:\users\u124186\downloads\acabar escena\visualstudio2015\rtis_v2\x64\debug\bitmap.obj
c:\users\u124186\downloads\acabar escena\visualstudio2015\rtis_v2\x64\debug\eqsolver.obj
c:\users\u124186\downloads\acabar escena\visualstudio2015\rtis_v2\x64\debug\film.obj
c:\users\u124186\downloads\acabar escena\visualstudio2015\rtis_v2\x64\debug\hemisphericalsampler.obj
c:\users\u124186\downloads\acabar escena\visualstudio2015\rtis_v2\x64\debug\intersection.obj
c:\users\u124186\downloads\acabar escena\visualstudio2015\rtis_v2\x64\debug\matrix4x4.obj
c:\users\u124186\downloads\acabar escena\visualstudio2015\rtis_v2\x64\debug\ray.obj
c:\users\u124186\downloads\acabar escena\visualstudio2015\rtis_v2\x64\debug\tester.obj
c:\users\u124186\downloads\acabar escena\visualstudio2015\rtis_v2\x64\debug\utils.obj
c:\users\u124186\downloads\acabar escena\visualstudio2015\rtis_v2\x64\debug\rtis_v2.ilk
c:\users\u124186\downloads\acabar escena\visualstudio2015\rtis_v2\x64\debug\rtis_v2.exe
c:\users\u124186\downloads\acabar escena\visualstudio2015\rtis_v2\x64\debug\rtis_v2.pdb
c:\users\u124186\downloads\acabar escena\visualstudio2015\rtis_v2\x64\debug\cube.obj.enc
c:\users\u124186\downloads\acabar escena\visualstudio2015\rtis_v2\x64\debug\depthshader.obj.enc
c:\users\u124186\downloads\acabar escena\visualstudio2015\rtis_v2\x64\debug\directshader.obj.enc
c:\users\u124186\downloads\acabar escena\visualstudio2015\rtis_v2\x64\debug\elipsoide.obj.enc
c:\users\u124186\downloads\acabar escena\visualstudio2015\rtis_v2\x64\debug\globalshader.obj.enc
c:\users\u124186\downloads\acabar escena\visualstudio2015\rtis_v2\x64\debug\main.obj.enc
c:\users\u124186\downloads\acabar escena\visualstudio2015\rtis_v2\x64\debug\rtis_v2.tlog\cl.command.1.tlog
c:\users\u124186\downloads\acabar escena\visualstudio2015\rtis_v2\x64\debug\rtis_v2.tlog\cl.read.1.tlog
c:\users\u124186\downloads\acabar escena\visualstudio2015\rtis_v2\x64\debug\rtis_v2.tlog\cl.write.1.tlog
c:\users\u124186\downloads\acabar escena\visualstudio2015\rtis_v2\x64\debug\rtis_v2.tlog\link.command.1.tlog
c:\users\u124186\downloads\acabar escena\visualstudio2015\rtis_v2\x64\debug\rtis_v2.tlog\link.read.1.tlog
c:\users\u124186\downloads\acabar escena\visualstudio2015\rtis_v2\x64\debug\rtis_v2.tlog\link.write.1.tlog
